[2019-01-11T06:43:53.611] [INFO] FileManager - ********* Starting FileManager v.1.0 **********
[2019-01-11T06:43:53.611] [INFO] FileManager - Server listen on port 8443
[2019-01-11T06:44:29.790] [INFO] FileManager - [admin] userController::UserController UserLogin() ->User authenticated!
[2019-01-11T06:45:55.049] [INFO] FileManager - [undefined] fileController::FileController download() ->Downloading undefined/undefined size undefined
[2019-01-11T06:45:55.070] [INFO] FileManager - [undefined] fileController::FileController download() ->Downloading undefined/undefined size undefined
[2019-01-11T06:45:55.356] [INFO] FileManager - [admin] fileController::FileController download() ->Downloading /8/9600.17050.WINBLUE_REFRESH.140317-1640_X64FRE_SERVER_EVAL_EN-US-IR3_SSS_X64FREE_EN-US_DV9.ISO size 4 GB
[2019-01-11T07:02:15.956] [INFO] FileManager - [undefined] fileController::FileController download() ->Downloading undefined/undefined size undefined
[2019-01-11T07:11:13.025] [INFO] FileManager - [admin] userController::UserController UserLogin() ->User authenticated!
[2019-01-11T07:11:40.657] [INFO] FileManager - [undefined] fileController::FileController download() ->Downloading undefined/undefined size undefined
[2019-01-11T07:20:24.869] [INFO] FileManager - [undefined] fileController::FileController download() ->Downloading undefined/undefined size undefined
[2019-01-11T07:22:38.391] [INFO] FileManager - [undefined] fileController::FileController download() ->Downloading undefined/undefined size undefined
[2019-01-11T07:23:49.208] [INFO] FileManager - [undefined] fileController::FileController download() ->Downloading undefined/undefined size undefined
[2019-01-11T07:30:23.419] [INFO] FileManager - [admin] userController::UserController UserLogin() ->User authenticated!
[2019-01-11T07:30:54.167] [INFO] FileManager - [undefined] fileController::FileController download() ->Downloading undefined/undefined size undefined
[2019-01-11T07:32:31.324] [INFO] FileManager - [undefined] fileController::FileController download() ->Downloading undefined/undefined size undefined
[2019-01-11T07:53:40.283] [INFO] FileManager - [admin] userController::UserController UserLogin() ->User authenticated!
[2019-01-11T08:00:27.426] [INFO] FileManager - [undefined] fileController::FileController download() ->Downloading undefined/undefined size undefined
[2019-01-11T08:01:35.101] [INFO] FileManager - [undefined] fileController::FileController download() ->Downloading undefined/undefined size undefined
[2019-01-11T08:11:35.723] [INFO] FileManager - [admin] userController::UserController UserLogin() ->User authenticated!
[2019-01-11T08:11:59.847] [INFO] FileManager - [undefined] fileController::FileController download() ->Downloading undefined/undefined size undefined
[2019-01-11T08:16:40.484] [INFO] FileManager - [undefined] fileController::FileController download() ->Downloading undefined/undefined size undefined
[2019-01-11T08:33:59.540] [INFO] FileManager - Shutdown() -> Received kill signal, shutting down gracefully.
[2019-01-11T08:33:59.552] [INFO] FileManager - Shutdown() -> Closed out remaining connections.
[2019-01-11T08:33:59.552] [INFO] FileManager - *************** Shutdown finished **************
[2019-01-11T08:34:14.076] [INFO] FileManager - ********* Starting FileManager v.1.0 **********
[2019-01-11T08:34:14.078] [INFO] FileManager - Server listen on port 8443
[2019-01-11T08:34:24.720] [INFO] FileManager - [admin] userController::UserController UserLogin() ->User authenticated!
[2019-01-11T08:34:38.849] [INFO] FileManager - [undefined] fileController::FileController download() ->Downloading undefined/undefined size undefined
[2019-01-11T08:45:33.957] [INFO] FileManager - [undefined] fileController::FileController download() ->Downloading undefined/undefined size undefined
[2019-01-11T08:52:45.590] [INFO] FileManager - [admin] userController::UserController UserLogin() ->User authenticated!
[2019-01-11T09:06:59.161] [INFO] FileManager - [undefined] fileController::FileController download() ->Downloading undefined/undefined size undefined
[2019-01-11T09:09:21.679] [INFO] FileManager - [undefined] fileController::FileController download() ->Downloading undefined/undefined size undefined
[2019-01-11T09:18:13.167] [INFO] FileManager - [admin] userController::UserController UserLogin() ->User authenticated!
[2019-01-11T09:22:48.585] [INFO] FileManager - Shutdown() -> Received kill signal, shutting down gracefully.
[2019-01-11T09:22:48.601] [INFO] FileManager - Shutdown() -> Closed out remaining connections.
[2019-01-11T09:22:48.601] [INFO] FileManager - *************** Shutdown finished **************
[2019-01-11T09:33:28.149] [INFO] FileManager - ********* Starting FileManager v.1.0 **********
[2019-01-11T09:33:28.149] [INFO] FileManager - Server listen on port 8443
[2019-01-11T09:33:39.537] [INFO] FileManager - [admin] userController::UserController UserLogin() ->User authenticated!
[2019-01-11T09:33:52.381] [INFO] FileManager - [undefined] fileController::FileController download() ->Downloading undefined/undefined size undefined
[2019-01-11T09:45:02.829] [INFO] FileManager - [undefined] fileController::FileController download() ->Downloading undefined/undefined size undefined
[2019-01-11T09:46:48.186] [INFO] FileManager - [admin] fileController::FileController download() ->Downloading /8/VMware-player-14.1.3-9474260 (1).exe size 118 MB
[2019-01-11T09:47:06.767] [INFO] FileManager - [admin] fileController::FileController download() ->Downloading /8/VMware-player-14.1.3-9474260 (1).exe size 118 MB
[2019-01-11T09:47:06.807] [INFO] FileManager - [admin] fileController::FileController download() ->Downloading /8/VMware-player-14.1.3-9474260.exe size 118 MB
[2019-01-11T09:57:35.168] [INFO] FileManager - [admin] userController::UserController UserLogin() ->User authenticated!
[2019-01-11T10:01:18.111] [INFO] FileManager - [undefined] userController::UserController UserUpdate() ->User undefined data modified. Data: AccessString = '{"download":true,"upload":true,"deletefile":true,"deletefolder":true,"addfolder":true,"sharefiles":false}'
[2019-01-11T10:01:25.032] [INFO] FileManager - [undefined] userController::UserController UserUpdate() ->User undefined data modified. Data: AccessString = '{"download":true,"upload":true,"deletefile":true,"deletefolder":true,"addfolder":true,"sharefiles":true}'
[2019-01-11T12:24:15.470] [INFO] FileManager - Shutdown() -> Received kill signal, shutting down gracefully.
[2019-01-11T12:24:15.471] [INFO] FileManager - Shutdown() -> Closed out remaining connections.
[2019-01-11T12:24:15.472] [INFO] FileManager - *************** Shutdown finished **************
