[2019-01-14T06:39:43.362] [INFO] FileManager - ********* Starting FileManager v.1.0 **********
[2019-01-14T06:39:43.364] [INFO] FileManager - Server listen on port 8443
[2019-01-14T06:40:08.088] [INFO] FileManager - [admin] userController::UserController UserLogin() ->User authenticated!
[2019-01-14T06:58:16.362] [INFO] FileManager - [admin] userController::UserController UserLogin() ->User authenticated!
[2019-01-14T07:17:02.509] [INFO] FileManager - [admin] userController::UserController UserLogin() ->User authenticated!
[2019-01-14T07:22:40.663] [INFO] FileManager - [admin] userController::UserController UserLogin() ->User authenticated!
[2019-01-14T07:36:51.751] [INFO] FileManager - Shutdown() -> Received kill signal, shutting down gracefully.
[2019-01-14T07:36:51.751] [INFO] FileManager - Shutdown() -> Closed out remaining connections.
[2019-01-14T07:36:51.751] [INFO] FileManager - *************** Shutdown finished **************
[2019-01-14T07:36:58.532] [INFO] FileManager - ********* Starting FileManager v.1.0 **********
[2019-01-14T07:36:58.532] [INFO] FileManager - Server listen on port 8443
[2019-01-14T07:39:30.389] [INFO] FileManager - [admin] userController::UserController UserLogin() ->User authenticated!
[2019-01-14T07:46:25.454] [INFO] FileManager - Shutdown() -> Received kill signal, shutting down gracefully.
[2019-01-14T07:46:35.467] [ERROR] FileManager - Shutdown() -> Could not close connections in time, forcefully shutting down
[2019-01-14T07:46:35.467] [INFO] FileManager - *************** Shutdown finished **************
[2019-01-14T07:46:54.646] [INFO] FileManager - ********* Starting FileManager v.1.0 **********
[2019-01-14T07:46:54.646] [INFO] FileManager - Server listen on port 8443
[2019-01-14T07:53:00.750] [INFO] FileManager - Shutdown() -> Received kill signal, shutting down gracefully.
[2019-01-14T07:53:10.752] [ERROR] FileManager - Shutdown() -> Could not close connections in time, forcefully shutting down
[2019-01-14T07:53:10.752] [INFO] FileManager - *************** Shutdown finished **************
[2019-01-14T07:53:15.860] [INFO] FileManager - ********* Starting FileManager v.1.0 **********
[2019-01-14T07:53:15.860] [INFO] FileManager - Server listen on port 8443
[2019-01-14T07:55:49.859] [INFO] FileManager - Shutdown() -> Received kill signal, shutting down gracefully.
[2019-01-14T07:55:52.877] [INFO] FileManager - Shutdown() -> Closed out remaining connections.
[2019-01-14T07:55:52.878] [INFO] FileManager - *************** Shutdown finished **************
[2019-01-14T07:55:59.654] [INFO] FileManager - ********* Starting FileManager v.1.0 **********
[2019-01-14T07:55:59.654] [INFO] FileManager - Server listen on port 8443
[2019-01-14T07:56:09.924] [INFO] FileManager - [admin] userController::UserController UserLogin() ->User authenticated!
[2019-01-14T07:57:32.552] [INFO] FileManager - Shutdown() -> Received kill signal, shutting down gracefully.
[2019-01-14T07:57:32.552] [INFO] FileManager - Shutdown() -> Closed out remaining connections.
[2019-01-14T07:57:32.552] [INFO] FileManager - *************** Shutdown finished **************
[2019-01-14T07:57:39.612] [INFO] FileManager - ********* Starting FileManager v.1.0 **********
[2019-01-14T07:57:39.612] [INFO] FileManager - Server listen on port 8443
[2019-01-14T07:59:19.948] [ERROR] FileManager - [esther] userController::UserController UserLogin() ->logon error. No se encuentran registros
[2019-01-14T07:59:48.459] [INFO] FileManager - [asaiz] userController::UserController UserLogin() ->User authenticated!
[2019-01-14T08:02:48.799] [INFO] FileManager - [admin] userController::UserController UserLogin() ->User authenticated!
[2019-01-14T08:17:24.826] [INFO] FileManager - Shutdown() -> Received kill signal, shutting down gracefully.
[2019-01-14T08:17:24.838] [INFO] FileManager - Shutdown() -> Closed out remaining connections.
[2019-01-14T08:17:24.838] [INFO] FileManager - *************** Shutdown finished **************
[2019-01-14T08:28:18.179] [INFO] FileManager - ********* Starting FileManager v.1.0 **********
[2019-01-14T08:28:18.181] [INFO] FileManager - Server listen on port 8443
[2019-01-14T08:28:34.004] [INFO] FileManager - [admin] userController::UserController UserLogin() ->User authenticated!
[2019-01-14T08:28:57.355] [INFO] FileManager - Shutdown() -> Received kill signal, shutting down gracefully.
[2019-01-14T08:28:57.355] [INFO] FileManager - Shutdown() -> Closed out remaining connections.
[2019-01-14T08:28:57.355] [INFO] FileManager - *************** Shutdown finished **************
[2019-01-14T08:29:03.716] [INFO] FileManager - ********* Starting FileManager v.1.0 **********
[2019-01-14T08:29:03.716] [INFO] FileManager - Server listen on port 8443
[2019-01-14T08:41:57.140] [INFO] FileManager - Shutdown() -> Received kill signal, shutting down gracefully.
[2019-01-14T08:41:57.155] [INFO] FileManager - Shutdown() -> Closed out remaining connections.
[2019-01-14T08:41:57.155] [INFO] FileManager - *************** Shutdown finished **************
[2019-01-14T08:42:05.184] [INFO] FileManager - ********* Starting FileManager v.1.0 **********
[2019-01-14T08:42:05.184] [INFO] FileManager - Server listen on port 8443
[2019-01-14T09:19:31.432] [INFO] FileManager - Shutdown() -> Received kill signal, shutting down gracefully.
[2019-01-14T09:19:31.432] [INFO] FileManager - Shutdown() -> Closed out remaining connections.
[2019-01-14T09:19:31.432] [INFO] FileManager - *************** Shutdown finished **************
[2019-01-14T09:23:21.989] [INFO] FileManager - ********* Starting FileManager v.1.0 **********
[2019-01-14T09:23:21.989] [INFO] FileManager - Server listen on port 8443
[2019-01-14T09:24:45.657] [INFO] FileManager - [admin] userController::UserController UserLogin() ->User authenticated!
[2019-01-14T09:26:51.068] [INFO] FileManager - Shutdown() -> Received kill signal, shutting down gracefully.
[2019-01-14T09:26:53.934] [INFO] FileManager - Shutdown() -> Closed out remaining connections.
[2019-01-14T09:26:53.934] [INFO] FileManager - *************** Shutdown finished **************
[2019-01-14T09:26:54.868] [INFO] FileManager - Shutdown() -> Received kill signal, shutting down gracefully.
[2019-01-14T09:26:54.868] [INFO] FileManager - Shutdown() -> Closed out remaining connections.
[2019-01-14T09:26:54.868] [INFO] FileManager - *************** Shutdown finished **************
[2019-01-14T09:27:41.862] [INFO] FileManager - ********* Starting FileManager v.1.0 **********
[2019-01-14T09:27:41.878] [INFO] FileManager - Server listen on port 8443
[2019-01-14T09:33:19.814] [INFO] FileManager - Shutdown() -> Received kill signal, shutting down gracefully.
[2019-01-14T09:33:19.814] [INFO] FileManager - Shutdown() -> Closed out remaining connections.
[2019-01-14T09:33:19.814] [INFO] FileManager - *************** Shutdown finished **************
[2019-01-14T09:33:26.131] [INFO] FileManager - ********* Starting FileManager v.1.0 **********
[2019-01-14T09:33:26.147] [INFO] FileManager - Server listen on port 8443
[2019-01-14T09:40:10.216] [INFO] FileManager - [admin] userController::UserController UserLogin() ->User authenticated!
[2019-01-14T09:43:09.966] [INFO] FileManager - Shutdown() -> Received kill signal, shutting down gracefully.
[2019-01-14T09:43:09.971] [INFO] FileManager - Shutdown() -> Closed out remaining connections.
[2019-01-14T09:43:09.972] [INFO] FileManager - *************** Shutdown finished **************
[2019-01-14T09:43:19.224] [INFO] FileManager - ********* Starting FileManager v.1.0 **********
[2019-01-14T09:43:19.232] [INFO] FileManager - Server listen on port 8443
[2019-01-14T09:49:23.429] [INFO] FileManager - Shutdown() -> Received kill signal, shutting down gracefully.
[2019-01-14T09:49:23.431] [INFO] FileManager - Shutdown() -> Closed out remaining connections.
[2019-01-14T09:49:23.431] [INFO] FileManager - *************** Shutdown finished **************
[2019-01-14T09:51:19.524] [INFO] FileManager - ********* Starting FileManager v.1.0 **********
[2019-01-14T09:51:19.524] [INFO] FileManager - Server listen on port 8443
[2019-01-14T09:54:27.051] [INFO] FileManager - Shutdown() -> Received kill signal, shutting down gracefully.
[2019-01-14T09:54:27.052] [INFO] FileManager - Shutdown() -> Closed out remaining connections.
[2019-01-14T09:54:27.052] [INFO] FileManager - *************** Shutdown finished **************
[2019-01-14T09:54:33.373] [INFO] FileManager - ********* Starting FileManager v.1.0 **********
[2019-01-14T09:54:33.382] [INFO] FileManager - Server listen on port 8443
[2019-01-14T09:55:52.494] [INFO] FileManager - Shutdown() -> Received kill signal, shutting down gracefully.
[2019-01-14T09:55:52.507] [INFO] FileManager - Shutdown() -> Closed out remaining connections.
[2019-01-14T09:55:52.507] [INFO] FileManager - *************** Shutdown finished **************
[2019-01-14T09:56:01.352] [INFO] FileManager - ********* Starting FileManager v.1.0 **********
[2019-01-14T09:56:01.354] [INFO] FileManager - Server listen on port 8443
[2019-01-14T11:02:14.672] [INFO] FileManager - [admin] userController::UserController UserLogin() ->User authenticated!
[2019-01-14T11:05:06.707] [INFO] FileManager - Shutdown() -> Received kill signal, shutting down gracefully.
[2019-01-14T11:05:06.717] [INFO] FileManager - Shutdown() -> Closed out remaining connections.
[2019-01-14T11:05:06.717] [INFO] FileManager - *************** Shutdown finished **************
[2019-01-14T11:05:15.646] [INFO] FileManager - ********* Starting FileManager v.1.0 **********
[2019-01-14T11:05:15.648] [INFO] FileManager - Server listen on port 8443
[2019-01-14T12:15:53.625] [INFO] FileManager - [admin] userController::UserController UserLogin() ->User authenticated!
[2019-01-14T13:11:23.546] [INFO] FileManager - Shutdown() -> Received kill signal, shutting down gracefully.
[2019-01-14T13:11:23.562] [INFO] FileManager - Shutdown() -> Closed out remaining connections.
[2019-01-14T13:11:23.562] [INFO] FileManager - *************** Shutdown finished **************
[2019-01-14T13:12:28.734] [INFO] FileManager - ********* Starting FileManager v.1.0 **********
[2019-01-14T13:12:28.734] [INFO] FileManager - Server listen on port 8443
[2019-01-14T13:12:45.386] [INFO] FileManager - [admin] userController::UserController UserLogin() ->User authenticated!
[2019-01-14T13:15:35.905] [INFO] FileManager - Shutdown() -> Received kill signal, shutting down gracefully.
[2019-01-14T13:15:35.918] [INFO] FileManager - Shutdown() -> Closed out remaining connections.
[2019-01-14T13:15:35.919] [INFO] FileManager - *************** Shutdown finished **************
[2019-01-14T13:15:42.461] [INFO] FileManager - ********* Starting FileManager v.1.0 **********
[2019-01-14T13:15:42.463] [INFO] FileManager - Server listen on port 8443
[2019-01-14T13:19:26.556] [INFO] FileManager - Shutdown() -> Received kill signal, shutting down gracefully.
[2019-01-14T13:19:26.572] [INFO] FileManager - Shutdown() -> Closed out remaining connections.
[2019-01-14T13:19:26.572] [INFO] FileManager - *************** Shutdown finished **************
[2019-01-14T13:19:32.552] [INFO] FileManager - ********* Starting FileManager v.1.0 **********
[2019-01-14T13:19:32.552] [INFO] FileManager - Server listen on port 8443
[2019-01-14T13:22:24.011] [INFO] FileManager - Shutdown() -> Received kill signal, shutting down gracefully.
[2019-01-14T13:22:24.011] [INFO] FileManager - Shutdown() -> Closed out remaining connections.
[2019-01-14T13:22:24.011] [INFO] FileManager - *************** Shutdown finished **************
[2019-01-14T13:22:29.741] [INFO] FileManager - ********* Starting FileManager v.1.0 **********
[2019-01-14T13:22:29.741] [INFO] FileManager - Server listen on port 8443
[2019-01-14T13:23:41.220] [INFO] FileManager - Shutdown() -> Received kill signal, shutting down gracefully.
[2019-01-14T13:23:51.222] [ERROR] FileManager - Shutdown() -> Could not close connections in time, forcefully shutting down
[2019-01-14T13:23:51.222] [INFO] FileManager - *************** Shutdown finished **************
[2019-01-14T13:23:55.171] [INFO] FileManager - ********* Starting FileManager v.1.0 **********
[2019-01-14T13:23:55.171] [INFO] FileManager - Server listen on port 8443
[2019-01-14T13:28:42.871] [INFO] FileManager - Shutdown() -> Received kill signal, shutting down gracefully.
[2019-01-14T13:28:52.885] [ERROR] FileManager - Shutdown() -> Could not close connections in time, forcefully shutting down
[2019-01-14T13:28:52.885] [INFO] FileManager - *************** Shutdown finished **************
[2019-01-14T13:29:12.811] [INFO] FileManager - ********* Starting FileManager v.1.0 **********
[2019-01-14T13:29:12.813] [INFO] FileManager - Server listen on port 8443
[2019-01-14T13:29:28.521] [INFO] FileManager - [admin] userController::UserController UserLogin() ->User authenticated!
[2019-01-14T13:43:05.724] [INFO] FileManager - Shutdown() -> Received kill signal, shutting down gracefully.
[2019-01-14T13:43:05.736] [INFO] FileManager - Shutdown() -> Closed out remaining connections.
[2019-01-14T13:43:05.736] [INFO] FileManager - *************** Shutdown finished **************
[2019-01-14T13:43:14.957] [INFO] FileManager - ********* Starting FileManager v.1.0 **********
[2019-01-14T13:43:14.959] [INFO] FileManager - Server listen on port 8443
[2019-01-14T13:45:35.382] [INFO] FileManager - Shutdown() -> Received kill signal, shutting down gracefully.
[2019-01-14T13:45:35.397] [INFO] FileManager - Shutdown() -> Closed out remaining connections.
[2019-01-14T13:45:35.397] [INFO] FileManager - *************** Shutdown finished **************
[2019-01-14T13:45:45.999] [INFO] FileManager - ********* Starting FileManager v.1.0 **********
[2019-01-14T13:45:46.001] [INFO] FileManager - Server listen on port 8443
[2019-01-14T13:46:45.814] [INFO] FileManager - [admin] userController::UserController UserLogin() ->User authenticated!
[2019-01-14T13:47:20.240] [INFO] FileManager - Shutdown() -> Received kill signal, shutting down gracefully.
[2019-01-14T13:47:20.256] [INFO] FileManager - Shutdown() -> Closed out remaining connections.
[2019-01-14T13:47:20.256] [INFO] FileManager - *************** Shutdown finished **************
[2019-01-14T13:47:27.412] [INFO] FileManager - ********* Starting FileManager v.1.0 **********
[2019-01-14T13:47:27.414] [INFO] FileManager - Server listen on port 8443
[2019-01-14T13:51:46.823] [INFO] FileManager - Shutdown() -> Received kill signal, shutting down gracefully.
[2019-01-14T13:51:46.825] [INFO] FileManager - Shutdown() -> Closed out remaining connections.
[2019-01-14T13:51:46.825] [INFO] FileManager - *************** Shutdown finished **************
[2019-01-14T13:52:28.558] [INFO] FileManager - ********* Starting FileManager v.1.0 **********
[2019-01-14T13:52:28.558] [INFO] FileManager - Server listen on port 8443
[2019-01-14T13:54:16.593] [INFO] FileManager - Shutdown() -> Received kill signal, shutting down gracefully.
[2019-01-14T13:54:16.609] [INFO] FileManager - Shutdown() -> Closed out remaining connections.
[2019-01-14T13:54:16.609] [INFO] FileManager - *************** Shutdown finished **************
[2019-01-14T13:54:22.266] [INFO] FileManager - ********* Starting FileManager v.1.0 **********
[2019-01-14T13:54:22.266] [INFO] FileManager - Server listen on port 8443
[2019-01-14T13:55:14.891] [INFO] FileManager - Shutdown() -> Received kill signal, shutting down gracefully.
[2019-01-14T13:55:14.891] [INFO] FileManager - Shutdown() -> Closed out remaining connections.
[2019-01-14T13:55:14.891] [INFO] FileManager - *************** Shutdown finished **************
[2019-01-14T13:55:21.692] [INFO] FileManager - ********* Starting FileManager v.1.0 **********
[2019-01-14T13:55:21.694] [INFO] FileManager - Server listen on port 8443
[2019-01-14T14:14:23.304] [INFO] FileManager - Shutdown() -> Received kill signal, shutting down gracefully.
[2019-01-14T14:14:23.319] [INFO] FileManager - Shutdown() -> Closed out remaining connections.
[2019-01-14T14:14:23.319] [INFO] FileManager - *************** Shutdown finished **************
[2019-01-14T14:15:23.444] [INFO] FileManager - ********* Starting FileManager v.1.0 **********
[2019-01-14T14:15:23.444] [INFO] FileManager - Server listen on port 8443
[2019-01-14T14:15:38.756] [INFO] FileManager - [admin] userController::UserController UserLogin() ->User authenticated!
[2019-01-14T14:16:56.844] [INFO] FileManager - Shutdown() -> Received kill signal, shutting down gracefully.
[2019-01-14T14:16:56.844] [INFO] FileManager - Shutdown() -> Closed out remaining connections.
[2019-01-14T14:16:56.844] [INFO] FileManager - *************** Shutdown finished **************
[2019-01-14T14:17:09.882] [INFO] FileManager - ********* Starting FileManager v.1.0 **********
[2019-01-14T14:17:09.882] [INFO] FileManager - Server listen on port 8443
[2019-01-14T14:17:37.549] [INFO] FileManager - Shutdown() -> Received kill signal, shutting down gracefully.
[2019-01-14T14:17:37.549] [INFO] FileManager - Shutdown() -> Closed out remaining connections.
[2019-01-14T14:17:37.549] [INFO] FileManager - *************** Shutdown finished **************
[2019-01-14T14:17:44.287] [INFO] FileManager - ********* Starting FileManager v.1.0 **********
[2019-01-14T14:17:44.287] [INFO] FileManager - Server listen on port 8443
[2019-01-14T14:18:46.029] [INFO] FileManager - Shutdown() -> Received kill signal, shutting down gracefully.
[2019-01-14T14:18:46.045] [INFO] FileManager - Shutdown() -> Closed out remaining connections.
[2019-01-14T14:18:46.045] [INFO] FileManager - *************** Shutdown finished **************
[2019-01-14T14:18:53.106] [INFO] FileManager - ********* Starting FileManager v.1.0 **********
[2019-01-14T14:18:53.108] [INFO] FileManager - Server listen on port 8443
[2019-01-14T14:22:09.694] [INFO] FileManager - Shutdown() -> Received kill signal, shutting down gracefully.
[2019-01-14T14:22:19.695] [ERROR] FileManager - Shutdown() -> Could not close connections in time, forcefully shutting down
[2019-01-14T14:22:19.695] [INFO] FileManager - *************** Shutdown finished **************
[2019-01-14T14:22:23.550] [INFO] FileManager - ********* Starting FileManager v.1.0 **********
[2019-01-14T14:22:23.552] [INFO] FileManager - Server listen on port 8443
[2019-01-14T14:31:31.284] [INFO] FileManager - Shutdown() -> Received kill signal, shutting down gracefully.
[2019-01-14T14:31:31.284] [INFO] FileManager - Shutdown() -> Closed out remaining connections.
[2019-01-14T14:31:31.284] [INFO] FileManager - *************** Shutdown finished **************
[2019-01-14T14:31:37.218] [INFO] FileManager - ********* Starting FileManager v.1.0 **********
[2019-01-14T14:31:37.218] [INFO] FileManager - Server listen on port 8443
[2019-01-14T14:31:52.496] [INFO] FileManager - [admin] userController::UserController UserLogin() ->User authenticated!
[2019-01-14T14:33:03.351] [INFO] FileManager - Shutdown() -> Received kill signal, shutting down gracefully.
[2019-01-14T14:33:13.353] [ERROR] FileManager - Shutdown() -> Could not close connections in time, forcefully shutting down
[2019-01-14T14:33:13.353] [INFO] FileManager - *************** Shutdown finished **************
[2019-01-14T14:33:17.782] [INFO] FileManager - ********* Starting FileManager v.1.0 **********
[2019-01-14T14:33:17.784] [INFO] FileManager - Server listen on port 8443
[2019-01-14T14:36:07.046] [INFO] FileManager - Shutdown() -> Received kill signal, shutting down gracefully.
[2019-01-14T14:36:07.048] [INFO] FileManager - Shutdown() -> Closed out remaining connections.
[2019-01-14T14:36:07.048] [INFO] FileManager - *************** Shutdown finished **************
[2019-01-14T14:37:08.391] [INFO] FileManager - ********* Starting FileManager v.1.0 **********
[2019-01-14T14:37:08.393] [INFO] FileManager - Server listen on port 8443
[2019-01-14T14:44:58.136] [INFO] FileManager - Shutdown() -> Received kill signal, shutting down gracefully.
[2019-01-14T14:44:58.136] [INFO] FileManager - Shutdown() -> Closed out remaining connections.
[2019-01-14T14:44:58.136] [INFO] FileManager - *************** Shutdown finished **************
[2019-01-14T14:45:10.764] [INFO] FileManager - ********* Starting FileManager v.1.0 **********
[2019-01-14T14:45:10.766] [INFO] FileManager - Server listen on port 8443
[2019-01-14T14:48:26.730] [INFO] FileManager - Shutdown() -> Received kill signal, shutting down gracefully.
[2019-01-14T14:48:26.730] [INFO] FileManager - Shutdown() -> Closed out remaining connections.
[2019-01-14T14:48:26.730] [INFO] FileManager - *************** Shutdown finished **************
[2019-01-14T14:48:45.069] [INFO] FileManager - ********* Starting FileManager v.1.0 **********
[2019-01-14T14:48:45.069] [INFO] FileManager - Server listen on port 8443
[2019-01-14T14:48:55.813] [INFO] FileManager - [admin] userController::UserController UserLogin() ->User authenticated!
[2019-01-14T14:49:29.849] [INFO] FileManager - Shutdown() -> Received kill signal, shutting down gracefully.
[2019-01-14T14:49:29.864] [INFO] FileManager - Shutdown() -> Closed out remaining connections.
[2019-01-14T14:49:29.864] [INFO] FileManager - *************** Shutdown finished **************
[2019-01-14T14:49:44.844] [INFO] FileManager - ********* Starting FileManager v.1.0 **********
[2019-01-14T14:49:44.860] [INFO] FileManager - Server listen on port 8443
[2019-01-14T14:51:29.790] [INFO] FileManager - Shutdown() -> Received kill signal, shutting down gracefully.
[2019-01-14T14:51:29.802] [INFO] FileManager - Shutdown() -> Closed out remaining connections.
[2019-01-14T14:51:29.802] [INFO] FileManager - *************** Shutdown finished **************
[2019-01-14T14:51:46.830] [INFO] FileManager - ********* Starting FileManager v.1.0 **********
[2019-01-14T14:51:46.832] [INFO] FileManager - Server listen on port 8443
[2019-01-14T14:53:09.863] [INFO] FileManager - Shutdown() -> Received kill signal, shutting down gracefully.
[2019-01-14T14:53:09.864] [INFO] FileManager - Shutdown() -> Closed out remaining connections.
[2019-01-14T14:53:09.864] [INFO] FileManager - *************** Shutdown finished **************
[2019-01-14T14:53:21.505] [INFO] FileManager - ********* Starting FileManager v.1.0 **********
[2019-01-14T14:53:21.508] [INFO] FileManager - Server listen on port 8443
[2019-01-14T14:56:35.359] [INFO] FileManager - Shutdown() -> Received kill signal, shutting down gracefully.
[2019-01-14T14:56:35.375] [INFO] FileManager - Shutdown() -> Closed out remaining connections.
[2019-01-14T14:56:35.375] [INFO] FileManager - *************** Shutdown finished **************
[2019-01-14T14:56:44.476] [INFO] FileManager - ********* Starting FileManager v.1.0 **********
[2019-01-14T14:56:44.491] [INFO] FileManager - Server listen on port 8443
