[2018-10-30T08:58:02.541] [INFO] FileManager - Shutdown() -> Received kill signal, shutting down gracefully.
[2018-10-30T09:02:03.687] [INFO] FileManager - Shutdown() -> Received kill signal, shutting down gracefully.
[2018-10-30T09:02:17.465] [INFO] FileManager - fileController::FileController deleteFiles() ->./repository/DB.Browser.for.SQLite-3.10.1-win64.exe File deleted successfully!
[2018-10-30T09:02:40.842] [INFO] FileManager - fileController::FileController deleteFiles() ->./repository/VSCodeUserSetup-x64-1.28.2_esto_es_una_prueba_de_nombre_de_archivo_esto_esUna_prueba.exe File deleted successfully!
[2018-10-30T09:08:47.102] [INFO] FileManager - Shutdown() -> Received kill signal, shutting down gracefully.
[2018-10-30T09:12:48.431] [INFO] FileManager - Shutdown() -> Received kill signal, shutting down gracefully.
[2018-10-30T09:12:59.238] [INFO] FileManager - Shutdown() -> Received kill signal, shutting down gracefully.
[2018-10-30T09:13:27.964] [INFO] FileManager - Shutdown() -> Received kill signal, shutting down gracefully.
[2018-10-30T09:13:31.165] [INFO] FileManager - Shutdown() -> Received kill signal, shutting down gracefully.
[2018-10-30T09:13:31.178] [INFO] FileManager - Shutdown() -> Closed out remaining connections.
[2018-10-30T09:13:31.178] [INFO] FileManager - *************** Shutdown finished **************
[2018-10-30T09:15:49.264] [INFO] FileManager - Shutdown() -> Received kill signal, shutting down gracefully.
[2018-10-30T09:16:10.815] [INFO] FileManager - Shutdown() -> Received kill signal, shutting down gracefully.
[2018-10-30T09:16:10.828] [INFO] FileManager - Shutdown() -> Closed out remaining connections.
[2018-10-30T09:16:10.829] [INFO] FileManager - *************** Shutdown finished **************
[2018-10-30T09:16:17.415] [INFO] FileManager - Shutdown() -> Received kill signal, shutting down gracefully.
[2018-10-30T09:16:50.366] [INFO] FileManager - Shutdown() -> Received kill signal, shutting down gracefully.
[2018-10-30T09:16:50.379] [INFO] FileManager - Shutdown() -> Closed out remaining connections.
[2018-10-30T09:16:50.379] [INFO] FileManager - *************** Shutdown finished **************
[2018-10-30T09:18:32.371] [INFO] FileManager - Shutdown() -> Received kill signal, shutting down gracefully.
[2018-10-30T09:24:14.039] [INFO] FileManager - Shutdown() -> Received kill signal, shutting down gracefully.
[2018-10-30T09:24:14.053] [INFO] FileManager - Shutdown() -> Closed out remaining connections.
[2018-10-30T09:24:14.053] [INFO] FileManager - *************** Shutdown finished **************
[2018-10-30T09:24:16.672] [INFO] FileManager - Shutdown() -> Received kill signal, shutting down gracefully.
[2018-10-30T09:24:16.673] [INFO] FileManager - Shutdown() -> Closed out remaining connections.
[2018-10-30T09:24:16.673] [INFO] FileManager - *************** Shutdown finished **************
[2018-10-30T09:24:16.980] [INFO] FileManager - Shutdown() -> Received kill signal, shutting down gracefully.
[2018-10-30T09:24:16.980] [INFO] FileManager - Shutdown() -> Closed out remaining connections.
[2018-10-30T09:24:16.980] [INFO] FileManager - *************** Shutdown finished **************
[2018-10-30T09:24:21.200] [INFO] FileManager - ********* Starting ScreenPop v.1.0 **********
[2018-10-30T09:24:21.201] [INFO] FileManager - Server listen on port 8443
[2018-10-30T09:24:35.621] [INFO] FileManager - Shutdown() -> Received kill signal, shutting down gracefully.
[2018-10-30T09:24:35.633] [INFO] FileManager - Shutdown() -> Closed out remaining connections.
[2018-10-30T09:24:35.633] [INFO] FileManager - *************** Shutdown finished **************
[2018-10-30T09:25:33.802] [INFO] FileManager - ********* Starting ScreenPop v.1.0 **********
[2018-10-30T09:25:33.806] [INFO] FileManager - Server listen on port 8443
[2018-10-30T09:31:34.999] [INFO] FileManager - Shutdown() -> Received kill signal, shutting down gracefully.
[2018-10-30T09:31:35.000] [INFO] FileManager - Shutdown() -> Closed out remaining connections.
[2018-10-30T09:31:35.000] [INFO] FileManager - *************** Shutdown finished **************
[2018-10-30T09:31:41.825] [INFO] FileManager - ********* Starting ScreenPop v.1.0 **********
[2018-10-30T09:31:41.829] [INFO] FileManager - Server listen on port 8443
[2018-10-30T09:33:29.954] [INFO] FileManager - Shutdown() -> Received kill signal, shutting down gracefully.
[2018-10-30T09:33:29.955] [INFO] FileManager - Shutdown() -> Closed out remaining connections.
[2018-10-30T09:33:29.955] [INFO] FileManager - *************** Shutdown finished **************
[2018-10-30T12:10:11.936] [INFO] FileManager - ********* Starting ScreenPop v.1.0 **********
[2018-10-30T12:10:11.938] [INFO] FileManager - Server listen on port 8443
[2018-10-30T13:07:46.252] [INFO] FileManager - Shutdown() -> Received kill signal, shutting down gracefully.
[2018-10-30T13:07:46.253] [INFO] FileManager - Shutdown() -> Closed out remaining connections.
[2018-10-30T13:07:46.253] [INFO] FileManager - *************** Shutdown finished **************
[2018-10-30T13:07:49.112] [INFO] FileManager - Shutdown() -> Received kill signal, shutting down gracefully.
[2018-10-30T13:07:49.112] [INFO] FileManager - Shutdown() -> Closed out remaining connections.
[2018-10-30T13:07:49.112] [INFO] FileManager - *************** Shutdown finished **************
[2018-10-30T13:08:44.179] [INFO] FileManager - ********* Starting ScreenPop v.1.0 **********
[2018-10-30T13:08:44.181] [INFO] FileManager - Server listen on port 8443
[2018-10-30T13:12:11.594] [INFO] FileManager - Shutdown() -> Received kill signal, shutting down gracefully.
[2018-10-30T13:12:11.596] [INFO] FileManager - Shutdown() -> Closed out remaining connections.
[2018-10-30T13:12:11.596] [INFO] FileManager - *************** Shutdown finished **************
[2018-10-30T13:12:46.165] [INFO] FileManager - ********* Starting ScreenPop v.1.0 **********
[2018-10-30T13:12:46.167] [INFO] FileManager - Server listen on port 8443
[2018-10-30T13:25:13.984] [INFO] FileManager - Shutdown() -> Received kill signal, shutting down gracefully.
[2018-10-30T13:25:13.985] [INFO] FileManager - Shutdown() -> Closed out remaining connections.
[2018-10-30T13:25:13.985] [INFO] FileManager - *************** Shutdown finished **************
[2018-10-30T13:25:20.102] [INFO] FileManager - ********* Starting ScreenPop v.1.0 **********
[2018-10-30T13:25:20.104] [INFO] FileManager - Server listen on port 8443
[2018-10-30T13:27:05.088] [INFO] FileManager - Shutdown() -> Received kill signal, shutting down gracefully.
[2018-10-30T13:27:05.089] [INFO] FileManager - Shutdown() -> Closed out remaining connections.
[2018-10-30T13:27:05.089] [INFO] FileManager - *************** Shutdown finished **************
[2018-10-30T13:27:11.486] [INFO] FileManager - ********* Starting ScreenPop v.1.0 **********
[2018-10-30T13:27:11.488] [INFO] FileManager - Server listen on port 8443
[2018-10-30T13:27:53.253] [INFO] FileManager - Shutdown() -> Received kill signal, shutting down gracefully.
[2018-10-30T13:27:53.254] [INFO] FileManager - Shutdown() -> Closed out remaining connections.
[2018-10-30T13:27:53.254] [INFO] FileManager - *************** Shutdown finished **************
[2018-10-30T13:28:07.897] [INFO] FileManager - ********* Starting ScreenPop v.1.0 **********
[2018-10-30T13:28:07.899] [INFO] FileManager - Server listen on port 8443
[2018-10-30T13:29:42.909] [INFO] FileManager - Shutdown() -> Received kill signal, shutting down gracefully.
[2018-10-30T13:29:42.910] [INFO] FileManager - Shutdown() -> Closed out remaining connections.
[2018-10-30T13:29:42.910] [INFO] FileManager - *************** Shutdown finished **************
[2018-10-30T13:29:48.872] [INFO] FileManager - ********* Starting ScreenPop v.1.0 **********
[2018-10-30T13:29:48.874] [INFO] FileManager - Server listen on port 8443
[2018-10-30T13:31:09.506] [INFO] FileManager - Shutdown() -> Received kill signal, shutting down gracefully.
[2018-10-30T13:31:09.507] [INFO] FileManager - Shutdown() -> Closed out remaining connections.
[2018-10-30T13:31:09.507] [INFO] FileManager - *************** Shutdown finished **************
[2018-10-30T13:31:26.537] [INFO] FileManager - ********* Starting ScreenPop v.1.0 **********
[2018-10-30T13:31:26.539] [INFO] FileManager - Server listen on port 8443
[2018-10-30T13:32:57.956] [INFO] FileManager - Shutdown() -> Received kill signal, shutting down gracefully.
[2018-10-30T13:32:57.968] [INFO] FileManager - Shutdown() -> Closed out remaining connections.
[2018-10-30T13:32:57.968] [INFO] FileManager - *************** Shutdown finished **************
[2018-10-30T13:45:23.798] [INFO] FileManager - ********* Starting ScreenPop v.1.0 **********
[2018-10-30T13:45:23.800] [INFO] FileManager - Server listen on port 8443
[2018-10-30T13:48:10.889] [INFO] FileManager - Shutdown() -> Received kill signal, shutting down gracefully.
[2018-10-30T13:48:10.890] [INFO] FileManager - Shutdown() -> Closed out remaining connections.
[2018-10-30T13:48:10.890] [INFO] FileManager - *************** Shutdown finished **************
[2018-10-30T13:48:26.443] [INFO] FileManager - ********* Starting ScreenPop v.1.0 **********
[2018-10-30T13:48:26.444] [INFO] FileManager - Server listen on port 8443
[2018-10-30T13:51:03.258] [INFO] FileManager - Shutdown() -> Received kill signal, shutting down gracefully.
[2018-10-30T13:51:03.270] [INFO] FileManager - Shutdown() -> Closed out remaining connections.
[2018-10-30T13:51:03.270] [INFO] FileManager - *************** Shutdown finished **************
[2018-10-30T13:51:26.220] [INFO] FileManager - ********* Starting ScreenPop v.1.0 **********
[2018-10-30T13:51:26.221] [INFO] FileManager - Server listen on port 8443
[2018-10-30T13:52:20.237] [INFO] FileManager - Shutdown() -> Received kill signal, shutting down gracefully.
[2018-10-30T13:52:20.238] [INFO] FileManager - Shutdown() -> Closed out remaining connections.
[2018-10-30T13:52:20.238] [INFO] FileManager - *************** Shutdown finished **************
[2018-10-30T14:58:12.273] [INFO] FileManager - ********* Starting ScreenPop v.1.0 **********
[2018-10-30T14:58:12.275] [INFO] FileManager - Server listen on port 8443
[2018-10-30T14:59:40.860] [INFO] FileManager - Shutdown() -> Received kill signal, shutting down gracefully.
[2018-10-30T14:59:40.874] [INFO] FileManager - Shutdown() -> Closed out remaining connections.
[2018-10-30T14:59:40.874] [INFO] FileManager - *************** Shutdown finished **************
[2018-10-30T14:59:59.286] [INFO] FileManager - ********* Starting ScreenPop v.1.0 **********
[2018-10-30T14:59:59.288] [INFO] FileManager - Server listen on port 8443
[2018-10-30T15:01:07.855] [INFO] FileManager - Shutdown() -> Received kill signal, shutting down gracefully.
[2018-10-30T15:01:07.856] [INFO] FileManager - Shutdown() -> Closed out remaining connections.
[2018-10-30T15:01:07.856] [INFO] FileManager - *************** Shutdown finished **************
[2018-10-30T15:01:32.318] [INFO] FileManager - ********* Starting ScreenPop v.1.0 **********
[2018-10-30T15:01:32.320] [INFO] FileManager - Server listen on port 8443
[2018-10-30T15:03:13.115] [INFO] FileManager - Shutdown() -> Received kill signal, shutting down gracefully.
[2018-10-30T15:03:13.133] [INFO] FileManager - Shutdown() -> Closed out remaining connections.
[2018-10-30T15:03:13.133] [INFO] FileManager - *************** Shutdown finished **************
[2018-10-30T15:03:40.996] [INFO] FileManager - ********* Starting ScreenPop v.1.0 **********
[2018-10-30T15:03:40.998] [INFO] FileManager - Server listen on port 8443
[2018-10-30T15:10:08.079] [INFO] FileManager - Shutdown() -> Received kill signal, shutting down gracefully.
[2018-10-30T15:10:08.079] [INFO] FileManager - Shutdown() -> Closed out remaining connections.
[2018-10-30T15:10:08.079] [INFO] FileManager - *************** Shutdown finished **************
[2018-10-30T15:10:13.628] [INFO] FileManager - ********* Starting ScreenPop v.1.0 **********
[2018-10-30T15:10:13.629] [INFO] FileManager - Server listen on port 8443
[2018-10-30T15:10:49.399] [INFO] FileManager - Shutdown() -> Received kill signal, shutting down gracefully.
[2018-10-30T15:10:49.399] [INFO] FileManager - Shutdown() -> Closed out remaining connections.
[2018-10-30T15:10:49.399] [INFO] FileManager - *************** Shutdown finished **************
[2018-10-30T15:11:26.001] [INFO] FileManager - ********* Starting ScreenPop v.1.0 **********
[2018-10-30T15:11:26.002] [INFO] FileManager - Server listen on port 8443
[2018-10-30T15:13:52.051] [INFO] FileManager - Shutdown() -> Received kill signal, shutting down gracefully.
[2018-10-30T15:13:52.063] [INFO] FileManager - Shutdown() -> Closed out remaining connections.
[2018-10-30T15:13:52.063] [INFO] FileManager - *************** Shutdown finished **************
[2018-10-30T15:14:20.212] [INFO] FileManager - ********* Starting ScreenPop v.1.0 **********
[2018-10-30T15:14:20.213] [INFO] FileManager - Server listen on port 8443
[2018-10-30T15:22:16.804] [INFO] FileManager - ********* Starting ScreenPop v.1.0 **********
[2018-10-30T15:22:16.805] [INFO] FileManager - Server listen on port 8443
[2018-10-30T15:33:18.772] [INFO] FileManager - Shutdown() -> Received kill signal, shutting down gracefully.
[2018-10-30T15:33:18.774] [INFO] FileManager - Shutdown() -> Closed out remaining connections.
[2018-10-30T15:33:18.774] [INFO] FileManager - *************** Shutdown finished **************
[2018-10-30T15:33:36.460] [INFO] FileManager - ********* Starting ScreenPop v.1.0 **********
[2018-10-30T15:33:36.461] [INFO] FileManager - Server listen on port 8443
[2018-10-30T15:39:49.788] [INFO] FileManager - Shutdown() -> Received kill signal, shutting down gracefully.
[2018-10-30T15:39:49.789] [INFO] FileManager - Shutdown() -> Closed out remaining connections.
[2018-10-30T15:39:49.790] [INFO] FileManager - *************** Shutdown finished **************
[2018-10-30T15:40:35.790] [INFO] FileManager - ********* Starting ScreenPop v.1.0 **********
[2018-10-30T15:40:35.791] [INFO] FileManager - Server listen on port 8443
[2018-10-30T15:42:42.131] [INFO] FileManager - Shutdown() -> Received kill signal, shutting down gracefully.
[2018-10-30T15:42:42.132] [INFO] FileManager - Shutdown() -> Closed out remaining connections.
[2018-10-30T15:42:42.132] [INFO] FileManager - *************** Shutdown finished **************
[2018-10-30T15:42:52.872] [INFO] FileManager - ********* Starting ScreenPop v.1.0 **********
[2018-10-30T15:42:52.874] [INFO] FileManager - Server listen on port 8443
[2018-10-30T15:48:40.855] [INFO] FileManager - Shutdown() -> Received kill signal, shutting down gracefully.
[2018-10-30T15:48:40.856] [INFO] FileManager - Shutdown() -> Closed out remaining connections.
[2018-10-30T15:48:40.856] [INFO] FileManager - *************** Shutdown finished **************
[2018-10-30T15:48:53.310] [INFO] FileManager - ********* Starting ScreenPop v.1.0 **********
[2018-10-30T15:48:53.312] [INFO] FileManager - Server listen on port 8443
[2018-10-30T15:54:14.414] [INFO] FileManager - Shutdown() -> Received kill signal, shutting down gracefully.
[2018-10-30T15:54:14.430] [INFO] FileManager - Shutdown() -> Closed out remaining connections.
[2018-10-30T15:54:14.430] [INFO] FileManager - *************** Shutdown finished **************
