[2018-11-06T07:13:37.098] [INFO] FileManager - ********* Starting ScreenPop v.1.0 **********
[2018-11-06T07:13:37.099] [INFO] FileManager - Server listen on port 8443
[2018-11-06T07:58:33.749] [INFO] FileManager - Shutdown() -> Received kill signal, shutting down gracefully.
[2018-11-06T07:58:33.750] [INFO] FileManager - Shutdown() -> Closed out remaining connections.
[2018-11-06T07:58:33.750] [INFO] FileManager - *************** Shutdown finished **************
[2018-11-06T08:00:59.888] [INFO] FileManager - ********* Starting ScreenPop v.1.0 **********
[2018-11-06T08:00:59.889] [INFO] FileManager - Server listen on port 8443
[2018-11-06T08:01:48.837] [INFO] FileManager - fileController::FileController deleteFiles() ->./repository/VMware-player-14.1.3-9474260.exe File deleted successfully!
[2018-11-06T08:01:48.840] [INFO] FileManager - fileController::FileController deleteFiles() ->./repository/Git-2.19.1-64-bit.exe File deleted successfully!
[2018-11-06T08:01:48.842] [INFO] FileManager - fileController::FileController deleteFiles() ->./repository/VSCodeUserSetup-x64-1.28.2_esto_es_una_prueba_de_nombre_de_archivo_esto_esUna_prueba.exe File deleted successfully!
[2018-11-06T08:05:34.949] [INFO] FileManager - Shutdown() -> Received kill signal, shutting down gracefully.
[2018-11-06T08:05:34.969] [INFO] FileManager - Shutdown() -> Closed out remaining connections.
[2018-11-06T08:05:34.969] [INFO] FileManager - *************** Shutdown finished **************
[2018-11-06T08:05:37.623] [INFO] FileManager - Shutdown() -> Received kill signal, shutting down gracefully.
[2018-11-06T08:05:37.623] [INFO] FileManager - Shutdown() -> Closed out remaining connections.
[2018-11-06T08:05:37.624] [INFO] FileManager - *************** Shutdown finished **************
[2018-11-06T08:05:58.058] [INFO] FileManager - ********* Starting ScreenPop v.1.0 **********
[2018-11-06T08:05:58.059] [INFO] FileManager - Server listen on port 8443
[2018-11-06T08:12:09.848] [INFO] FileManager - Shutdown() -> Received kill signal, shutting down gracefully.
[2018-11-06T08:12:09.849] [INFO] FileManager - Shutdown() -> Closed out remaining connections.
[2018-11-06T08:12:09.849] [INFO] FileManager - *************** Shutdown finished **************
[2018-11-06T08:12:11.646] [INFO] FileManager - Shutdown() -> Received kill signal, shutting down gracefully.
[2018-11-06T08:12:11.647] [INFO] FileManager - Shutdown() -> Closed out remaining connections.
[2018-11-06T08:12:11.647] [INFO] FileManager - *************** Shutdown finished **************
[2018-11-06T08:12:34.751] [INFO] FileManager - ********* Starting ScreenPop v.1.0 **********
[2018-11-06T08:12:34.752] [INFO] FileManager - Server listen on port 8443
[2018-11-06T08:31:35.368] [INFO] FileManager - Shutdown() -> Received kill signal, shutting down gracefully.
[2018-11-06T08:31:35.369] [INFO] FileManager - Shutdown() -> Closed out remaining connections.
[2018-11-06T08:31:35.369] [INFO] FileManager - *************** Shutdown finished **************
[2018-11-06T08:33:49.044] [INFO] FileManager - ********* Starting ScreenPop v.1.0 **********
[2018-11-06T08:33:49.046] [INFO] FileManager - Server listen on port 8443
[2018-11-06T09:58:01.987] [INFO] FileManager - Shutdown() -> Received kill signal, shutting down gracefully.
[2018-11-06T09:58:01.988] [INFO] FileManager - Shutdown() -> Closed out remaining connections.
[2018-11-06T09:58:01.988] [INFO] FileManager - *************** Shutdown finished **************
[2018-11-06T09:58:03.044] [INFO] FileManager - Shutdown() -> Received kill signal, shutting down gracefully.
[2018-11-06T09:58:03.045] [INFO] FileManager - Shutdown() -> Closed out remaining connections.
[2018-11-06T09:58:03.045] [INFO] FileManager - *************** Shutdown finished **************
[2018-11-06T09:58:37.404] [INFO] FileManager - ********* Starting ScreenPop v.1.0 **********
[2018-11-06T09:58:37.405] [INFO] FileManager - Server listen on port 8443
[2018-11-06T10:02:48.588] [INFO] FileManager - Shutdown() -> Received kill signal, shutting down gracefully.
[2018-11-06T10:02:48.589] [INFO] FileManager - Shutdown() -> Closed out remaining connections.
[2018-11-06T10:02:48.589] [INFO] FileManager - *************** Shutdown finished **************
[2018-11-06T10:03:52.459] [INFO] FileManager - ********* Starting ScreenPop v.1.0 **********
[2018-11-06T10:03:52.460] [INFO] FileManager - Server listen on port 8443
[2018-11-06T10:20:21.607] [INFO] FileManager - Shutdown() -> Received kill signal, shutting down gracefully.
[2018-11-06T10:20:21.608] [INFO] FileManager - Shutdown() -> Closed out remaining connections.
[2018-11-06T10:20:21.608] [INFO] FileManager - *************** Shutdown finished **************
[2018-11-06T10:21:02.048] [INFO] FileManager - ********* Starting ScreenPop v.1.0 **********
[2018-11-06T10:21:02.050] [INFO] FileManager - Server listen on port 8443
[2018-11-06T11:04:52.519] [INFO] FileManager - ********* Starting ScreenPop v.1.0 **********
[2018-11-06T11:04:52.521] [INFO] FileManager - Server listen on port 8443
[2018-11-06T11:10:54.207] [INFO] FileManager - ********* Starting ScreenPop v.1.0 **********
[2018-11-06T11:10:54.209] [INFO] FileManager - Server listen on port 8443
[2018-11-06T11:23:23.153] [INFO] FileManager - Shutdown() -> Received kill signal, shutting down gracefully.
[2018-11-06T11:23:23.174] [INFO] FileManager - Shutdown() -> Closed out remaining connections.
[2018-11-06T11:23:23.174] [INFO] FileManager - *************** Shutdown finished **************
[2018-11-06T11:25:26.934] [INFO] FileManager - ********* Starting ScreenPop v.1.0 **********
[2018-11-06T11:25:26.935] [INFO] FileManager - Server listen on port 8443
[2018-11-06T11:29:31.157] [INFO] FileManager - ********* Starting ScreenPop v.1.0 **********
[2018-11-06T11:29:31.159] [INFO] FileManager - Server listen on port 8443
[2018-11-06T11:32:14.291] [INFO] FileManager - Shutdown() -> Received kill signal, shutting down gracefully.
[2018-11-06T11:32:14.304] [INFO] FileManager - Shutdown() -> Closed out remaining connections.
[2018-11-06T11:32:14.304] [INFO] FileManager - *************** Shutdown finished **************
[2018-11-06T11:32:20.973] [INFO] FileManager - ********* Starting ScreenPop v.1.0 **********
[2018-11-06T11:32:20.978] [INFO] FileManager - Server listen on port 8443
[2018-11-06T11:33:42.143] [INFO] FileManager - Shutdown() -> Received kill signal, shutting down gracefully.
[2018-11-06T11:33:42.179] [INFO] FileManager - Shutdown() -> Closed out remaining connections.
[2018-11-06T11:33:42.180] [INFO] FileManager - *************** Shutdown finished **************
[2018-11-06T11:34:00.460] [INFO] FileManager - ********* Starting ScreenPop v.1.0 **********
[2018-11-06T11:34:00.462] [INFO] FileManager - Server listen on port 8443
[2018-11-06T11:37:07.483] [INFO] FileManager - Shutdown() -> Received kill signal, shutting down gracefully.
[2018-11-06T11:37:07.495] [INFO] FileManager - Shutdown() -> Closed out remaining connections.
[2018-11-06T11:37:07.495] [INFO] FileManager - *************** Shutdown finished **************
[2018-11-06T11:37:15.739] [INFO] FileManager - ********* Starting ScreenPop v.1.0 **********
[2018-11-06T11:37:15.741] [INFO] FileManager - Server listen on port 8443
[2018-11-06T11:42:36.320] [INFO] FileManager - Shutdown() -> Received kill signal, shutting down gracefully.
[2018-11-06T11:42:36.334] [INFO] FileManager - Shutdown() -> Closed out remaining connections.
[2018-11-06T11:42:36.335] [INFO] FileManager - *************** Shutdown finished **************
[2018-11-06T11:42:42.921] [INFO] FileManager - ********* Starting ScreenPop v.1.0 **********
[2018-11-06T11:42:42.922] [INFO] FileManager - Server listen on port 8443
[2018-11-06T11:50:06.803] [INFO] FileManager - Shutdown() -> Received kill signal, shutting down gracefully.
[2018-11-06T11:50:06.804] [INFO] FileManager - Shutdown() -> Closed out remaining connections.
[2018-11-06T11:50:06.804] [INFO] FileManager - *************** Shutdown finished **************
[2018-11-06T11:50:14.575] [INFO] FileManager - ********* Starting ScreenPop v.1.0 **********
[2018-11-06T11:50:14.576] [INFO] FileManager - Server listen on port 8443
[2018-11-06T11:52:21.745] [INFO] FileManager - Shutdown() -> Received kill signal, shutting down gracefully.
[2018-11-06T11:52:21.746] [INFO] FileManager - Shutdown() -> Closed out remaining connections.
[2018-11-06T11:52:21.746] [INFO] FileManager - *************** Shutdown finished **************
[2018-11-06T11:53:51.242] [INFO] FileManager - ********* Starting ScreenPop v.1.0 **********
[2018-11-06T11:53:51.243] [INFO] FileManager - Server listen on port 8443
[2018-11-06T11:56:08.956] [INFO] FileManager - Shutdown() -> Received kill signal, shutting down gracefully.
[2018-11-06T11:56:08.998] [INFO] FileManager - Shutdown() -> Closed out remaining connections.
[2018-11-06T11:56:08.998] [INFO] FileManager - *************** Shutdown finished **************
[2018-11-06T11:56:15.079] [INFO] FileManager - ********* Starting ScreenPop v.1.0 **********
[2018-11-06T11:56:15.081] [INFO] FileManager - Server listen on port 8443
[2018-11-06T12:10:10.385] [INFO] FileManager - Shutdown() -> Received kill signal, shutting down gracefully.
[2018-11-06T12:10:10.397] [INFO] FileManager - Shutdown() -> Closed out remaining connections.
[2018-11-06T12:10:10.397] [INFO] FileManager - *************** Shutdown finished **************
[2018-11-06T12:11:34.686] [INFO] FileManager - ********* Starting ScreenPop v.1.0 **********
[2018-11-06T12:11:34.688] [INFO] FileManager - Server listen on port 8443
[2018-11-06T12:22:50.305] [INFO] FileManager - Shutdown() -> Received kill signal, shutting down gracefully.
[2018-11-06T12:22:50.307] [INFO] FileManager - Shutdown() -> Closed out remaining connections.
[2018-11-06T12:22:50.307] [INFO] FileManager - *************** Shutdown finished **************
[2018-11-06T12:22:56.458] [INFO] FileManager - ********* Starting ScreenPop v.1.0 **********
[2018-11-06T12:22:56.460] [INFO] FileManager - Server listen on port 8443
[2018-11-06T12:30:27.156] [INFO] FileManager - Shutdown() -> Received kill signal, shutting down gracefully.
[2018-11-06T12:30:27.170] [INFO] FileManager - Shutdown() -> Closed out remaining connections.
[2018-11-06T12:30:27.170] [INFO] FileManager - *************** Shutdown finished **************
[2018-11-06T12:31:03.196] [INFO] FileManager - ********* Starting ScreenPop v.1.0 **********
[2018-11-06T12:31:03.198] [INFO] FileManager - Server listen on port 8443
[2018-11-06T12:34:27.093] [INFO] FileManager - ********* Starting ScreenPop v.1.0 **********
[2018-11-06T12:34:27.095] [INFO] FileManager - Server listen on port 8443
[2018-11-06T12:36:40.503] [INFO] FileManager - ********* Starting ScreenPop v.1.0 **********
[2018-11-06T12:36:40.506] [INFO] FileManager - Server listen on port 8443
[2018-11-06T12:37:56.930] [INFO] FileManager - Shutdown() -> Received kill signal, shutting down gracefully.
[2018-11-06T12:37:56.931] [INFO] FileManager - Shutdown() -> Closed out remaining connections.
[2018-11-06T12:37:56.931] [INFO] FileManager - *************** Shutdown finished **************
[2018-11-06T13:12:58.284] [INFO] FileManager - ********* Starting ScreenPop v.1.0 **********
[2018-11-06T13:12:58.284] [INFO] FileManager - Server listen on port 8443
[2018-11-06T13:15:26.460] [INFO] FileManager - ********* Starting ScreenPop v.1.0 **********
[2018-11-06T13:15:26.460] [INFO] FileManager - Server listen on port 8443
[2018-11-06T13:43:07.815] [INFO] FileManager - ********* Starting ScreenPop v.1.0 **********
[2018-11-06T13:43:07.817] [INFO] FileManager - Server listen on port 8443
[2018-11-06T13:48:05.575] [INFO] FileManager - ********* Starting ScreenPop v.1.0 **********
[2018-11-06T13:48:05.576] [INFO] FileManager - Server listen on port 8443
[2018-11-06T13:51:45.948] [INFO] FileManager - ********* Starting ScreenPop v.1.0 **********
[2018-11-06T13:51:45.949] [INFO] FileManager - Server listen on port 8443
