[2018-10-31T07:04:41.598] [INFO] FileManager - ********* Starting ScreenPop v.1.0 **********
[2018-10-31T07:04:41.600] [INFO] FileManager - Server listen on port 8443
[2018-10-31T07:12:42.032] [INFO] FileManager - Shutdown() -> Received kill signal, shutting down gracefully.
[2018-10-31T07:12:42.047] [INFO] FileManager - Shutdown() -> Closed out remaining connections.
[2018-10-31T07:12:42.047] [INFO] FileManager - *************** Shutdown finished **************
[2018-10-31T07:13:09.749] [INFO] FileManager - ********* Starting ScreenPop v.1.0 **********
[2018-10-31T07:13:09.750] [INFO] FileManager - Server listen on port 8443
[2018-10-31T07:13:40.051] [INFO] FileManager - Shutdown() -> Received kill signal, shutting down gracefully.
[2018-10-31T07:13:40.051] [INFO] FileManager - Shutdown() -> Closed out remaining connections.
[2018-10-31T07:13:40.051] [INFO] FileManager - *************** Shutdown finished **************
[2018-10-31T07:14:05.015] [INFO] FileManager - ********* Starting ScreenPop v.1.0 **********
[2018-10-31T07:14:05.015] [INFO] FileManager - Server listen on port 8443
[2018-10-31T07:14:35.756] [INFO] FileManager - Shutdown() -> Received kill signal, shutting down gracefully.
[2018-10-31T07:14:35.768] [INFO] FileManager - Shutdown() -> Closed out remaining connections.
[2018-10-31T07:14:35.768] [INFO] FileManager - *************** Shutdown finished **************
[2018-10-31T07:14:58.459] [INFO] FileManager - ********* Starting ScreenPop v.1.0 **********
[2018-10-31T07:14:58.461] [INFO] FileManager - Server listen on port 8443
[2018-10-31T07:16:44.878] [INFO] FileManager - Shutdown() -> Received kill signal, shutting down gracefully.
[2018-10-31T07:16:44.879] [INFO] FileManager - Shutdown() -> Closed out remaining connections.
[2018-10-31T07:16:44.879] [INFO] FileManager - *************** Shutdown finished **************
[2018-10-31T07:16:51.403] [INFO] FileManager - ********* Starting ScreenPop v.1.0 **********
[2018-10-31T07:16:51.405] [INFO] FileManager - Server listen on port 8443
[2018-10-31T07:21:44.279] [INFO] FileManager - Shutdown() -> Received kill signal, shutting down gracefully.
[2018-10-31T07:21:44.280] [INFO] FileManager - Shutdown() -> Closed out remaining connections.
[2018-10-31T07:21:44.280] [INFO] FileManager - *************** Shutdown finished **************
[2018-10-31T07:21:54.462] [INFO] FileManager - ********* Starting ScreenPop v.1.0 **********
[2018-10-31T07:21:54.463] [INFO] FileManager - Server listen on port 8443
[2018-10-31T07:22:51.572] [INFO] FileManager - Shutdown() -> Received kill signal, shutting down gracefully.
[2018-10-31T07:22:51.572] [INFO] FileManager - Shutdown() -> Closed out remaining connections.
[2018-10-31T07:22:51.572] [INFO] FileManager - *************** Shutdown finished **************
[2018-10-31T07:23:30.993] [INFO] FileManager - ********* Starting ScreenPop v.1.0 **********
[2018-10-31T07:23:30.995] [INFO] FileManager - Server listen on port 8443
[2018-10-31T07:26:03.633] [INFO] FileManager - Shutdown() -> Received kill signal, shutting down gracefully.
[2018-10-31T07:26:03.645] [INFO] FileManager - Shutdown() -> Closed out remaining connections.
[2018-10-31T07:26:03.645] [INFO] FileManager - *************** Shutdown finished **************
[2018-10-31T07:27:09.397] [INFO] FileManager - ********* Starting ScreenPop v.1.0 **********
[2018-10-31T07:27:09.399] [INFO] FileManager - Server listen on port 8443
[2018-10-31T07:30:09.216] [INFO] FileManager - Shutdown() -> Received kill signal, shutting down gracefully.
[2018-10-31T07:30:09.227] [INFO] FileManager - Shutdown() -> Closed out remaining connections.
[2018-10-31T07:30:09.227] [INFO] FileManager - *************** Shutdown finished **************
[2018-10-31T07:30:58.766] [INFO] FileManager - ********* Starting ScreenPop v.1.0 **********
[2018-10-31T07:30:58.767] [INFO] FileManager - Server listen on port 8443
[2018-10-31T07:42:02.968] [INFO] FileManager - Shutdown() -> Received kill signal, shutting down gracefully.
[2018-10-31T07:42:02.970] [INFO] FileManager - Shutdown() -> Closed out remaining connections.
[2018-10-31T07:42:02.971] [INFO] FileManager - *************** Shutdown finished **************
[2018-10-31T07:42:43.557] [INFO] FileManager - ********* Starting ScreenPop v.1.0 **********
[2018-10-31T07:42:43.559] [INFO] FileManager - Server listen on port 8443
[2018-10-31T07:44:01.749] [INFO] FileManager - Shutdown() -> Received kill signal, shutting down gracefully.
[2018-10-31T07:44:01.765] [INFO] FileManager - Shutdown() -> Closed out remaining connections.
[2018-10-31T07:44:01.765] [INFO] FileManager - *************** Shutdown finished **************
[2018-10-31T07:44:08.129] [INFO] FileManager - ********* Starting ScreenPop v.1.0 **********
[2018-10-31T07:44:08.131] [INFO] FileManager - Server listen on port 8443
[2018-10-31T07:45:22.006] [INFO] FileManager - Shutdown() -> Received kill signal, shutting down gracefully.
[2018-10-31T07:45:22.007] [INFO] FileManager - Shutdown() -> Closed out remaining connections.
[2018-10-31T07:45:22.007] [INFO] FileManager - *************** Shutdown finished **************
[2018-10-31T07:47:08.857] [INFO] FileManager - ********* Starting ScreenPop v.1.0 **********
[2018-10-31T07:47:08.858] [INFO] FileManager - Server listen on port 8443
[2018-10-31T07:48:15.239] [INFO] FileManager - Shutdown() -> Received kill signal, shutting down gracefully.
[2018-10-31T07:48:15.240] [INFO] FileManager - Shutdown() -> Closed out remaining connections.
[2018-10-31T07:48:15.241] [INFO] FileManager - *************** Shutdown finished **************
[2018-10-31T07:49:56.481] [INFO] FileManager - ********* Starting ScreenPop v.1.0 **********
[2018-10-31T07:49:56.481] [INFO] FileManager - Server listen on port 8443
[2018-10-31T07:51:19.874] [INFO] FileManager - Shutdown() -> Received kill signal, shutting down gracefully.
[2018-10-31T07:51:19.889] [INFO] FileManager - Shutdown() -> Closed out remaining connections.
[2018-10-31T07:51:19.889] [INFO] FileManager - *************** Shutdown finished **************
[2018-10-31T07:51:31.921] [INFO] FileManager - ********* Starting ScreenPop v.1.0 **********
[2018-10-31T07:51:31.922] [INFO] FileManager - Server listen on port 8443
[2018-10-31T07:51:57.994] [INFO] FileManager - Shutdown() -> Received kill signal, shutting down gracefully.
[2018-10-31T07:51:57.995] [INFO] FileManager - Shutdown() -> Closed out remaining connections.
[2018-10-31T07:51:57.995] [INFO] FileManager - *************** Shutdown finished **************
[2018-10-31T07:52:48.438] [INFO] FileManager - ********* Starting ScreenPop v.1.0 **********
[2018-10-31T07:52:48.440] [INFO] FileManager - Server listen on port 8443
[2018-10-31T08:28:37.902] [INFO] FileManager - Shutdown() -> Received kill signal, shutting down gracefully.
[2018-10-31T08:28:37.902] [INFO] FileManager - Shutdown() -> Closed out remaining connections.
[2018-10-31T08:28:37.902] [INFO] FileManager - *************** Shutdown finished **************
